\BOOKMARK [1][-]{section.1}{Counting}{}% 1
\BOOKMARK [2][-]{subsection.1.1}{Understanding Logarithms}{section.1}% 2
\BOOKMARK [2][-]{subsection.1.2}{Understanding How To Count Numbers Between Numbers}{section.1}% 3
\BOOKMARK [2][-]{subsection.1.3}{Understanding Permutations and the Multiplication Principle}{section.1}% 4
\BOOKMARK [2][-]{subsection.1.4}{Understanding the Subtraction Principle}{section.1}% 5
\BOOKMARK [2][-]{subsection.1.5}{Understanding Collections}{section.1}% 6
\BOOKMARK [1][-]{section.2}{Voting}{}% 7
\BOOKMARK [2][-]{subsection.2.1}{Understanding Burlington's 2009 Mayoral Race }{section.2}% 8
\BOOKMARK [2][-]{subsection.2.2}{Understanding Slime Molds}{section.2}% 9
\BOOKMARK [2][-]{subsection.2.3}{Understanding that Elections Are Fundamentally Flawed}{section.2}% 10
\BOOKMARK [1][-]{section.3}{Sets}{}% 11
\BOOKMARK [2][-]{subsection.3.1}{Understanding Union, Intersection, Subsets, Elements, Membership, and Cardinality}{section.3}% 12
\BOOKMARK [2][-]{subsection.3.2}{Understanding Set Builder Notation}{section.3}% 13
\BOOKMARK [1][-]{section.4}{Probability }{}% 14
\BOOKMARK [2][-]{subsection.4.1}{Understanding Sample Spaces}{section.4}% 15
\BOOKMARK [2][-]{subsection.4.2}{Understanding How to Compute Basic Probabilities}{section.4}% 16
\BOOKMARK [2][-]{subsection.4.3}{Understanding Expected Values}{section.4}% 17
\BOOKMARK [2][-]{subsection.4.4}{Understanding What to Do With Expected Values}{section.4}% 18
\BOOKMARK [2][-]{subsection.4.5}{Understanding Coinflipping and the Central Limit Theorem}{section.4}% 19
\BOOKMARK [1][-]{section.5}{Graphs and Networks}{}% 20
\BOOKMARK [2][-]{subsection.5.1}{Understanding the Basic Terminology of Graphs and Networks}{section.5}% 21
\BOOKMARK [2][-]{subsection.5.2}{Understanding what the Koenigsberg Bridges Problem}{section.5}% 22
\BOOKMARK [2][-]{subsection.5.3}{Understanding the Traveling Salesman Problem}{section.5}% 23
\BOOKMARK [2][-]{subsection.5.4}{Understanding the Three Houses Three Utilities Problem}{section.5}% 24
\BOOKMARK [1][-]{section.6}{Symmetry and the Golden Ratio \(unstable\) }{}% 25
\BOOKMARK [1][-]{section.7}{Statistics \(unstable\) }{}% 26
\BOOKMARK [2][-]{subsection.7.1}{Understanding How To Read Graphs}{section.7}% 27
\BOOKMARK [2][-]{subsection.7.2}{Understanding How People Are Reckless With Extrapolation}{section.7}% 28
\BOOKMARK [2][-]{subsection.7.3}{Understanding How Messed-Up and Misleading p-Values Are}{section.7}% 29
\BOOKMARK [2][-]{subsection.7.4}{Understanding How To Estimate The Number of German Tanks}{section.7}% 30
\BOOKMARK [2][-]{subsection.7.5}{Understanding Sample Sizes}{section.7}% 31
\BOOKMARK [2][-]{subsection.7.6}{Understanding Base Rate Fallacies}{section.7}% 32
\BOOKMARK [2][-]{subsection.7.7}{Understanding Correlation}{section.7}% 33
\BOOKMARK [1][-]{section.8}{Decision Theory \(unstable\) }{}% 34
\BOOKMARK [2][-]{subsection.8.1}{Understanding Utils}{section.8}% 35
